{
  "stats": {
    "suites": 20,
    "tests": 31,
    "passes": 30,
    "pending": 0,
    "failures": 1,
    "testsRegistered": 31,
    "passPercent": 96.7741935483871,
    "pendingPercent": 0,
    "other": 0,
    "hasOther": false,
    "skipped": 0,
    "hasSkipped": false,
    "start": "2024-11-05T10:34:06.568Z",
    "end": "2024-11-05T10:38:00.861Z",
    "duration": 234293
  },
  "results": [
    {
      "uuid": "db1defaa-c274-40ab-aff5-ff81dbdda9b1",
      "title": "",
      "fullFile": "cypress\\e2e\\webdriver-uni\\browser-navigation.js",
      "file": "cypress\\e2e\\webdriver-uni\\browser-navigation.js",
      "beforeHooks": [],
      "afterHooks": [],
      "tests": [],
      "suites": [
        {
          "uuid": "cb209d18-6d50-4440-bcde-4d1ef12f2209",
          "title": "Validate Browser navigation commands",
          "fullFile": "",
          "file": "",
          "beforeHooks": [],
          "afterHooks": [],
          "tests": [
            {
              "title": "Validate back,forward and Reload commands",
              "fullTitle": "Validate Browser navigation commands Validate back,forward and Reload commands",
              "timedOut": null,
              "duration": 2947,
              "state": "passed",
              "speed": "fast",
              "pass": true,
              "fail": false,
              "pending": false,
              "context": null,
              "code": "cy.visit(\"https://www.webdriveruniversity.com\"), {\n  timeout: 10000\n};\ncy.get('#contact-us').invoke('removeAttr', 'target').click(); //handling multiple tabs\ncy.url().should('include', 'contactus');\ncy.go('back');\ncy.reload();\ncy.go('forward');\ncy.url().should('include', 'contactus');\ncy.go('back');\ncy.get('#to-do-list').invoke('removeAttr', 'target').click();\ncy.url().should('include', 'To-Do-List');",
              "err": {},
              "uuid": "241ecd66-a9fb-4cd9-a882-6f78c989f9ae",
              "parentUUID": "cb209d18-6d50-4440-bcde-4d1ef12f2209",
              "isHook": false,
              "skipped": false
            }
          ],
          "suites": [],
          "passes": [
            "241ecd66-a9fb-4cd9-a882-6f78c989f9ae"
          ],
          "failures": [],
          "pending": [],
          "skipped": [],
          "duration": 2947,
          "root": false,
          "rootEmpty": false,
          "_timeout": 2000
        }
      ],
      "passes": [],
      "failures": [],
      "pending": [],
      "skipped": [],
      "duration": 0,
      "root": true,
      "rootEmpty": true,
      "_timeout": 2000
    },
    {
      "uuid": "983b743e-3945-4312-b2b6-985aa54b85b8",
      "title": "",
      "fullFile": "cypress\\e2e\\webdriver-uni\\checkboxes.js",
      "file": "cypress\\e2e\\webdriver-uni\\checkboxes.js",
      "beforeHooks": [],
      "afterHooks": [],
      "tests": [],
      "suites": [
        {
          "uuid": "9e121827-4a60-4ca6-8388-53440441eb7e",
          "title": "Validate checkbox",
          "fullFile": "",
          "file": "",
          "beforeHooks": [],
          "afterHooks": [],
          "tests": [
            {
              "title": "Uncheck the checkbox",
              "fullTitle": "Validate checkbox Uncheck the checkbox",
              "timedOut": null,
              "duration": 1963,
              "state": "passed",
              "speed": "fast",
              "pass": true,
              "fail": false,
              "pending": false,
              "context": null,
              "code": "cy.get('input[value=\"option-3\"]').uncheck().should('not.be.checked');",
              "err": {},
              "uuid": "5e1d6c81-f4a0-4c2e-bdb9-0a4696570336",
              "parentUUID": "9e121827-4a60-4ca6-8388-53440441eb7e",
              "isHook": false,
              "skipped": false
            },
            {
              "title": "check the multiple check",
              "fullTitle": "Validate checkbox check the multiple check",
              "timedOut": null,
              "duration": 908,
              "state": "passed",
              "speed": "fast",
              "pass": true,
              "fail": false,
              "pending": false,
              "context": null,
              "code": "cy.get('input[type=\"checkbox\"]').check([\"option-1\", \"option-2\", \"option-3\", \"option-4\"]).should('be.checked');",
              "err": {},
              "uuid": "f5386bfc-2a22-4b40-bec9-b6f35e913a3e",
              "parentUUID": "9e121827-4a60-4ca6-8388-53440441eb7e",
              "isHook": false,
              "skipped": false
            }
          ],
          "suites": [],
          "passes": [
            "5e1d6c81-f4a0-4c2e-bdb9-0a4696570336",
            "f5386bfc-2a22-4b40-bec9-b6f35e913a3e"
          ],
          "failures": [],
          "pending": [],
          "skipped": [],
          "duration": 2871,
          "root": false,
          "rootEmpty": false,
          "_timeout": 2000
        }
      ],
      "passes": [],
      "failures": [],
      "pending": [],
      "skipped": [],
      "duration": 0,
      "root": true,
      "rootEmpty": true,
      "_timeout": 2000
    },
    {
      "uuid": "84aae285-92cb-4dd7-8187-9ca08a834c2f",
      "title": "",
      "fullFile": "cypress\\e2e\\webdriver-uni\\contact-form.js",
      "file": "cypress\\e2e\\webdriver-uni\\contact-form.js",
      "beforeHooks": [],
      "afterHooks": [],
      "tests": [],
      "suites": [
        {
          "uuid": "48d3bfe2-742e-4f0f-89f5-de8ccb607e42",
          "title": "Test Contact us form via webdriveruni",
          "fullFile": "",
          "file": "",
          "beforeHooks": [],
          "afterHooks": [],
          "tests": [
            {
              "title": "Should be able to submit successful submission form",
              "fullTitle": "Test Contact us form via webdriveruni Should be able to submit successful submission form",
              "timedOut": null,
              "duration": 4300,
              "state": "passed",
              "speed": "fast",
              "pass": true,
              "fail": false,
              "pending": false,
              "context": null,
              "code": "cy.visit(\"https://www.webdriveruniversity.com/Contact-Us/contactus.html\");\ncy.document().should('have.property', 'charset').and('eq', 'UTF-8');\n//cy.get('#contact-us').click({force: true})\n// cy.get('[name=\"first_name\"]').type(data.first_name)\n// cy.get('[name=\"last_name\"]').type(data.last_name)\n// cy.get('[name=\"email\"]').type(data.email)\n// cy.get('textarea.feedback-input').type(\"contact us form completed\")\n// cy.get('[type=\"submit\"]').click()\n// cy.get('h1').should('have.text','Thank You for your Message!')\ncy.webDriverUni_ContactForm_Submission(Cypress.env(\"first_name\"), data.last_name, data.email, 'contact us form completed', 'h1', 'Thank You for your Message!');",
              "err": {},
              "uuid": "ea9d7522-ccfb-415f-a5ff-4767ec2cafa1",
              "parentUUID": "48d3bfe2-742e-4f0f-89f5-de8ccb607e42",
              "isHook": false,
              "skipped": false
            },
            {
              "title": "Should not be able to submit successful submission form",
              "fullTitle": "Test Contact us form via webdriveruni Should not be able to submit successful submission form",
              "timedOut": null,
              "duration": 1882,
              "state": "passed",
              "speed": "fast",
              "pass": true,
              "fail": false,
              "pending": false,
              "context": null,
              "code": "cy.visit(Cypress.env(\"webdriver_uniUrl\") + \"/Contact-Us/contactus.html\");\n//cy.get('#contact-us').invoke('removeAttr' , 'target').click() //handling multiple tabs\n// cy.get('[name=\"first_name\"]').type(data.first_name)\n// cy.get('[name=\"last_name\"]').type(data.last_name) \n// cy.get('[type=\"submit\"]').click()\ncy.webDriverUni_ContactForm_Submission(data.first_name, data.last_name, \" \", \" \", 'body', 'Error: Invalid email address');",
              "err": {},
              "uuid": "59c28beb-93e4-4bf9-bba9-c2ec90b7ea18",
              "parentUUID": "48d3bfe2-742e-4f0f-89f5-de8ccb607e42",
              "isHook": false,
              "skipped": false
            }
          ],
          "suites": [],
          "passes": [
            "ea9d7522-ccfb-415f-a5ff-4767ec2cafa1",
            "59c28beb-93e4-4bf9-bba9-c2ec90b7ea18"
          ],
          "failures": [],
          "pending": [],
          "skipped": [],
          "duration": 6182,
          "root": false,
          "rootEmpty": false,
          "_timeout": 2000
        }
      ],
      "passes": [],
      "failures": [],
      "pending": [],
      "skipped": [],
      "duration": 0,
      "root": true,
      "rootEmpty": true,
      "_timeout": 2000
    },
    {
      "uuid": "8ecae8f2-3621-4850-b815-4364d4800129",
      "title": "",
      "fullFile": "cypress\\e2e\\webdriver-uni\\contactus-form.js",
      "file": "cypress\\e2e\\webdriver-uni\\contactus-form.js",
      "beforeHooks": [],
      "afterHooks": [],
      "tests": [],
      "suites": [
        {
          "uuid": "7537a483-a421-419e-8305-4853fcd2c40c",
          "title": "Test Contact us form via webdriveruni",
          "fullFile": "",
          "file": "",
          "beforeHooks": [],
          "afterHooks": [],
          "tests": [
            {
              "title": "Should be able to submit successful submission form",
              "fullTitle": "Test Contact us form via webdriveruni Should be able to submit successful submission form",
              "timedOut": null,
              "duration": 4227,
              "state": "passed",
              "speed": "fast",
              "pass": true,
              "fail": false,
              "pending": false,
              "context": null,
              "code": "cy.document().should('have.property', 'charset').and('eq', 'UTF-8');\ncontactUsPage.contactForm_Submission(Cypress.env(\"first_name\"), data.last_name, data.email, 'contact us form completed', 'h1', 'Thank You for your Message!');",
              "err": {},
              "uuid": "3ef74baa-79f6-4294-b53a-1bbcb9c19d49",
              "parentUUID": "7537a483-a421-419e-8305-4853fcd2c40c",
              "isHook": false,
              "skipped": false
            },
            {
              "title": "Should not be able to submit successful submission form",
              "fullTitle": "Test Contact us form via webdriveruni Should not be able to submit successful submission form",
              "timedOut": null,
              "duration": 1693,
              "state": "passed",
              "speed": "fast",
              "pass": true,
              "fail": false,
              "pending": false,
              "context": null,
              "code": "contactUsPage.contactForm_Submission(data.first_name, data.last_name, \" \", \" \", 'body', 'Error: Invalid email address');",
              "err": {},
              "uuid": "6ca57512-090f-48ae-9583-b39601f57c26",
              "parentUUID": "7537a483-a421-419e-8305-4853fcd2c40c",
              "isHook": false,
              "skipped": false
            }
          ],
          "suites": [],
          "passes": [
            "3ef74baa-79f6-4294-b53a-1bbcb9c19d49",
            "6ca57512-090f-48ae-9583-b39601f57c26"
          ],
          "failures": [],
          "pending": [],
          "skipped": [],
          "duration": 5920,
          "root": false,
          "rootEmpty": false,
          "_timeout": 2000
        }
      ],
      "passes": [],
      "failures": [],
      "pending": [],
      "skipped": [],
      "duration": 0,
      "root": true,
      "rootEmpty": true,
      "_timeout": 2000
    },
    {
      "uuid": "0a451ded-a640-4d2e-8b9b-7dc6f828f1ba",
      "title": "",
      "fullFile": "cypress\\e2e\\webdriver-uni\\datepickers.js",
      "file": "cypress\\e2e\\webdriver-uni\\datepickers.js",
      "beforeHooks": [],
      "afterHooks": [],
      "tests": [],
      "suites": [
        {
          "uuid": "6b68421d-d37a-4842-b506-cd6bafa5980e",
          "title": "Handle date Pickers",
          "fullFile": "",
          "file": "",
          "beforeHooks": [],
          "afterHooks": [],
          "tests": [
            {
              "title": "select date drom datepicker",
              "fullTitle": "Handle date Pickers select date drom datepicker",
              "timedOut": null,
              "duration": 2542,
              "state": "passed",
              "speed": "fast",
              "pass": true,
              "fail": false,
              "pending": false,
              "context": null,
              "code": "cy.visit(\"https://www.webdriveruniversity.com\");\ncy.get('#datepicker').invoke('removeAttr', 'target').click(); //handling multiple tabs\ncy.get('#datepicker').click();\n// let date=new Date()\n// date.setDate(date.getDate())\n// cy.log(date.getDate())\n// let date1=new Date()\n// date1.setDate(date.getDate() + 5)\n// cy.log(date1.getDate())\nvar date = new Date();\ndate.setDate(date.getDate() + 30);\nvar futureYear = date.getFullYear();\nvar futureMonth = date.toLocaleString(\"default\", {\n  month: \"long\"\n});\nvar futureDay = date.getDate();\ncy.log(futureDay);\ncy.log(futureMonth);\ncy.log(futureYear);\nfunction selectMonthAndYear() {\n  cy.get('.datepicker-dropdown').find('.datepicker-switch').first().then(currentDate => {\n    if (!currentDate.text().includes(futureYear)) {\n      cy.get('.next').first().click();\n      selectMonthAndYear();\n    }\n  }).then(() => {\n    cy.get('.datepicker-dropdown').find('.datepicker-switch').first().then(currentDate => {\n      if (!currentDate.text().includes(futureMonth)) {\n        cy.get('.next').first().click();\n        selectMonthAndYear();\n      }\n    });\n  });\n}\nfunction selectFytureDay() {\n  cy.get('.day').contains(futureDay).click();\n}\nselectMonthAndYear();\nselectFytureDay();",
              "err": {},
              "uuid": "e528ed2c-b040-40ee-b798-c08d98ca60fc",
              "parentUUID": "6b68421d-d37a-4842-b506-cd6bafa5980e",
              "isHook": false,
              "skipped": false
            }
          ],
          "suites": [],
          "passes": [
            "e528ed2c-b040-40ee-b798-c08d98ca60fc"
          ],
          "failures": [],
          "pending": [],
          "skipped": [],
          "duration": 2542,
          "root": false,
          "rootEmpty": false,
          "_timeout": 2000
        }
      ],
      "passes": [],
      "failures": [],
      "pending": [],
      "skipped": [],
      "duration": 0,
      "root": true,
      "rootEmpty": true,
      "_timeout": 2000
    },
    {
      "uuid": "cec9ceca-ab36-477c-9208-c2297c1d6425",
      "title": "",
      "fullFile": "cypress\\e2e\\webdriver-uni\\dropdown.js",
      "file": "cypress\\e2e\\webdriver-uni\\dropdown.js",
      "beforeHooks": [],
      "afterHooks": [],
      "tests": [],
      "suites": [
        {
          "uuid": "5ff7b968-513a-4c36-b372-0421921e11c5",
          "title": "Validate dropdown",
          "fullFile": "",
          "file": "",
          "beforeHooks": [],
          "afterHooks": [],
          "tests": [
            {
              "title": "select the dropdown using value and text",
              "fullTitle": "Validate dropdown select the dropdown using value and text",
              "timedOut": null,
              "duration": 1995,
              "state": "passed",
              "speed": "fast",
              "pass": true,
              "fail": false,
              "pending": false,
              "context": null,
              "code": "cy.visit(\"/\");\ncy.get('#dropdown-checkboxes-radiobuttons').invoke('removeAttr', 'target').click(); //handling multiple tabs\ncy.get('#dropdowm-menu-2').select('maven').should('have.value', 'maven');\ncy.get('#dropdowm-menu-2').select('TestNG').contains('TestNG');",
              "err": {},
              "uuid": "27174273-648a-4c90-a229-8fca002e3cd4",
              "parentUUID": "5ff7b968-513a-4c36-b372-0421921e11c5",
              "isHook": false,
              "skipped": false
            }
          ],
          "suites": [],
          "passes": [
            "27174273-648a-4c90-a229-8fca002e3cd4"
          ],
          "failures": [],
          "pending": [],
          "skipped": [],
          "duration": 1995,
          "root": false,
          "rootEmpty": false,
          "_timeout": 2000
        }
      ],
      "passes": [],
      "failures": [],
      "pending": [],
      "skipped": [],
      "duration": 0,
      "root": true,
      "rootEmpty": true,
      "_timeout": 2000
    },
    {
      "uuid": "fc8ac233-c59d-405b-b234-65e8395da27e",
      "title": "",
      "fullFile": "cypress\\e2e\\webdriver-uni\\handlingdata.js",
      "file": "cypress\\e2e\\webdriver-uni\\handlingdata.js",
      "beforeHooks": [],
      "afterHooks": [],
      "tests": [],
      "suites": [
        {
          "uuid": "0289fea0-67b2-4706-acde-ff5ac2c39c71",
          "title": "Handling Data from tables",
          "fullFile": "",
          "file": "",
          "beforeHooks": [],
          "afterHooks": [],
          "tests": [
            {
              "title": "calculate and assert ages of all users",
              "fullTitle": "Handling Data from tables calculate and assert ages of all users",
              "timedOut": null,
              "duration": 3166,
              "state": "passed",
              "speed": "fast",
              "pass": true,
              "fail": false,
              "pending": false,
              "context": null,
              "code": "var sum = 0;\nvar age = [];\ncy.get(\"#thumbnail-1 table tbody tr td:nth-child(3)\").each(($e1, index, $list) => {\n  age[index] = $e1.text();\n}).then(() => {\n  var i;\n  for (i = 0; i < age.length; i++) {\n    sum += Number(age[i]);\n  }\n  cy.log(\"Total age  \" + sum);\n  expect(sum).to.eq(322);\n});",
              "err": {},
              "uuid": "566eedd5-a0fb-47ae-b12d-eea3b872943e",
              "parentUUID": "0289fea0-67b2-4706-acde-ff5ac2c39c71",
              "isHook": false,
              "skipped": false
            },
            {
              "title": "calculate and assert ages based on the last name",
              "fullTitle": "Handling Data from tables calculate and assert ages based on the last name",
              "timedOut": null,
              "duration": 826,
              "state": "passed",
              "speed": "fast",
              "pass": true,
              "fail": false,
              "pending": false,
              "context": null,
              "code": "cy.get(\"#thumbnail-1 table tbody tr td:nth-child(2)\").each(($e1, index, $list) => {\n  const text = $e1.text();\n  if (text.includes('Woods')) {\n    cy.get(\"#thumbnail-1 table tbody tr td:nth-child(2)\").eq(index).next().then(function (age) {\n      const userAge = age.text();\n      expect(userAge).to.eql('80');\n    });\n  }\n});",
              "err": {},
              "uuid": "5287536f-c2cd-4d5b-9be1-2e55c2b1e8fe",
              "parentUUID": "0289fea0-67b2-4706-acde-ff5ac2c39c71",
              "isHook": false,
              "skipped": false
            }
          ],
          "suites": [],
          "passes": [
            "566eedd5-a0fb-47ae-b12d-eea3b872943e",
            "5287536f-c2cd-4d5b-9be1-2e55c2b1e8fe"
          ],
          "failures": [],
          "pending": [],
          "skipped": [],
          "duration": 3992,
          "root": false,
          "rootEmpty": false,
          "_timeout": 2000
        }
      ],
      "passes": [],
      "failures": [],
      "pending": [],
      "skipped": [],
      "duration": 0,
      "root": true,
      "rootEmpty": true,
      "_timeout": 2000
    },
    {
      "uuid": "6c9e7057-538a-4880-84fb-220ed3ff088b",
      "title": "",
      "fullFile": "cypress\\e2e\\webdriver-uni\\iframe.js",
      "file": "cypress\\e2e\\webdriver-uni\\iframe.js",
      "beforeHooks": [],
      "afterHooks": [],
      "tests": [],
      "suites": [
        {
          "uuid": "f8f40d89-7123-491e-89c4-d82077f1df79",
          "title": "Handle IFrames and modals",
          "fullFile": "",
          "file": "",
          "beforeHooks": [],
          "afterHooks": [],
          "tests": [
            {
              "title": "Handle Iframes",
              "fullTitle": "Handle IFrames and modals Handle Iframes",
              "timedOut": null,
              "duration": 2732,
              "state": "passed",
              "speed": "fast",
              "pass": true,
              "fail": false,
              "pending": false,
              "context": null,
              "code": "cy.visit(\"https://www.webdriveruniversity.com\");\ncy.get('#iframe').invoke('removeAttr', 'target').click(); //handling multiple tabs\ncy.get('#frame').then($iframe => {\n  const body = $iframe.contents().find('body');\n  cy.wrap(body).as('iframe');\n});\ncy.get('@iframe').find('#button-find-out-more').click();\ncy.get('@iframe').find('#myModal').as('modal');\ncy.get('@modal').should($expectedText => {\n  const text = $expectedText.text();\n  expect(text).to.include('Welcome to webdriveruniversity.com we sell a wide range of electrical goods ');\n});\ncy.get('@modal').contains('Close');",
              "err": {},
              "uuid": "7910df14-517b-4249-850d-fd818335275f",
              "parentUUID": "f8f40d89-7123-491e-89c4-d82077f1df79",
              "isHook": false,
              "skipped": false
            }
          ],
          "suites": [],
          "passes": [
            "7910df14-517b-4249-850d-fd818335275f"
          ],
          "failures": [],
          "pending": [],
          "skipped": [],
          "duration": 2732,
          "root": false,
          "rootEmpty": false,
          "_timeout": 2000
        }
      ],
      "passes": [],
      "failures": [],
      "pending": [],
      "skipped": [],
      "duration": 0,
      "root": true,
      "rootEmpty": true,
      "_timeout": 2000
    },
    {
      "uuid": "3a03f251-de3b-462f-9d84-a623824806ae",
      "title": "",
      "fullFile": "cypress\\e2e\\webdriver-uni\\jsalerts.js",
      "file": "cypress\\e2e\\webdriver-uni\\jsalerts.js",
      "beforeHooks": [],
      "afterHooks": [],
      "tests": [],
      "suites": [
        {
          "uuid": "5a661c25-05e8-4bd0-94b7-a06020d84729",
          "title": "Handle js alerts",
          "fullFile": "",
          "file": "",
          "beforeHooks": [],
          "afterHooks": [],
          "tests": [
            {
              "title": "Handle js alerts manually",
              "fullTitle": "Handle js alerts Handle js alerts manually",
              "timedOut": null,
              "duration": 2096,
              "state": "passed",
              "speed": "fast",
              "pass": true,
              "fail": false,
              "pending": false,
              "context": null,
              "code": "cy.get('#button1').click();\n//handle alerts manually because cypress can handle alerts automatically \ncy.on('window:alert', str => {\n  expect(str).to.eql('I am an alert box!');\n});",
              "err": {},
              "uuid": "8df681d2-6416-46f7-bc56-a0778cd0afae",
              "parentUUID": "5a661c25-05e8-4bd0-94b7-a06020d84729",
              "isHook": false,
              "skipped": false
            },
            {
              "title": "Handle js confirm(ok) manually",
              "fullTitle": "Handle js alerts Handle js confirm(ok) manually",
              "timedOut": null,
              "duration": 767,
              "state": "passed",
              "speed": "fast",
              "pass": true,
              "fail": false,
              "pending": false,
              "context": null,
              "code": "cy.get('#button4').click();\n//handle alerts manually\ncy.on('window:confirm', str => {\n  return true;\n});\ncy.get('#confirm-alert-text').should('have.text', 'You pressed OK!');",
              "err": {},
              "uuid": "30e26ac3-914e-440a-b74e-1c854ba0ea60",
              "parentUUID": "5a661c25-05e8-4bd0-94b7-a06020d84729",
              "isHook": false,
              "skipped": false
            },
            {
              "title": "Handle js confirm(cancel) manually",
              "fullTitle": "Handle js alerts Handle js confirm(cancel) manually",
              "timedOut": null,
              "duration": 1186,
              "state": "passed",
              "speed": "fast",
              "pass": true,
              "fail": false,
              "pending": false,
              "context": null,
              "code": "cy.get('#button4').click();\n//handle alerts manually\ncy.on('window:confirm', str => {\n  return false;\n});\ncy.get('#confirm-alert-text').should('have.text', 'You pressed Cancel!');",
              "err": {},
              "uuid": "7660fe7a-92a1-4652-bae2-0a19c0ae43f6",
              "parentUUID": "5a661c25-05e8-4bd0-94b7-a06020d84729",
              "isHook": false,
              "skipped": false
            },
            {
              "title": "Handle js confirm alerts using stubs",
              "fullTitle": "Handle js alerts Handle js confirm alerts using stubs",
              "timedOut": null,
              "duration": 793,
              "state": "passed",
              "speed": "fast",
              "pass": true,
              "fail": false,
              "pending": false,
              "context": null,
              "code": "const stub = cy.stub();\ncy.on('window:confirm', stub);\ncy.get('#button4').click().then(() => {\n  expect(stub.getCall(0)).to.be.calledWith('Press a button!');\n}).then(() => {\n  return true;\n}).then(() => {\n  cy.get('#confirm-alert-text').should('have.text', 'You pressed OK!');\n});",
              "err": {},
              "uuid": "c6d4ff01-0c3f-43e8-83d8-6fc9a00f5f2f",
              "parentUUID": "5a661c25-05e8-4bd0-94b7-a06020d84729",
              "isHook": false,
              "skipped": false
            }
          ],
          "suites": [],
          "passes": [
            "8df681d2-6416-46f7-bc56-a0778cd0afae",
            "30e26ac3-914e-440a-b74e-1c854ba0ea60",
            "7660fe7a-92a1-4652-bae2-0a19c0ae43f6",
            "c6d4ff01-0c3f-43e8-83d8-6fc9a00f5f2f"
          ],
          "failures": [],
          "pending": [],
          "skipped": [],
          "duration": 4842,
          "root": false,
          "rootEmpty": false,
          "_timeout": 2000
        }
      ],
      "passes": [],
      "failures": [],
      "pending": [],
      "skipped": [],
      "duration": 0,
      "root": true,
      "rootEmpty": true,
      "_timeout": 2000
    },
    {
      "uuid": "cbbdc4f5-3354-417e-a1a8-6fbeec9fbbc5",
      "title": "",
      "fullFile": "cypress\\e2e\\webdriver-uni\\mouseactions.js",
      "file": "cypress\\e2e\\webdriver-uni\\mouseactions.js",
      "beforeHooks": [],
      "afterHooks": [],
      "tests": [],
      "suites": [
        {
          "uuid": "836729c8-21e2-4a13-bece-d3a0eeafd434",
          "title": "Validate mouse actions",
          "fullFile": "",
          "file": "",
          "beforeHooks": [],
          "afterHooks": [],
          "tests": [
            {
              "title": "mouse actions-click and hold",
              "fullTitle": "Validate mouse actions mouse actions-click and hold",
              "timedOut": null,
              "duration": 1916,
              "state": "passed",
              "speed": "fast",
              "pass": true,
              "fail": false,
              "pending": false,
              "context": null,
              "code": "cy.visit(\"https://www.webdriveruniversity.com\");\ncy.get('#actions').scrollIntoView().invoke('removeAttr', 'target').click(); //handling multiple tabs\ncy.get('#click-box').trigger('mousedown', {\n  which: 1\n}).then($el => {\n  expect($el).to.have.css('background-color', 'rgb(0, 255, 0)');\n});",
              "err": {},
              "uuid": "33bacadd-b8c3-4d23-b3a2-fdf1f5826571",
              "parentUUID": "836729c8-21e2-4a13-bece-d3a0eeafd434",
              "isHook": false,
              "skipped": false
            }
          ],
          "suites": [],
          "passes": [
            "33bacadd-b8c3-4d23-b3a2-fdf1f5826571"
          ],
          "failures": [],
          "pending": [],
          "skipped": [],
          "duration": 1916,
          "root": false,
          "rootEmpty": false,
          "_timeout": 2000
        }
      ],
      "passes": [],
      "failures": [],
      "pending": [],
      "skipped": [],
      "duration": 0,
      "root": true,
      "rootEmpty": true,
      "_timeout": 2000
    },
    {
      "uuid": "4466758d-e260-4c89-a6a5-c0adee08acfa",
      "title": "",
      "fullFile": "cypress\\e2e\\webdriver-uni\\traversing-elements.js",
      "file": "cypress\\e2e\\webdriver-uni\\traversing-elements.js",
      "beforeHooks": [],
      "afterHooks": [],
      "tests": [],
      "suites": [
        {
          "uuid": "b1274eb6-998a-4e58-8ebe-63cb386766de",
          "title": "Traversing DOM elements in Cypress",
          "fullFile": "",
          "file": "",
          "beforeHooks": [],
          "afterHooks": [],
          "tests": [
            {
              "title": "parents() to get parents DOM element of elements",
              "fullTitle": "Traversing DOM elements in Cypress parents() to get parents DOM element of elements",
              "timedOut": null,
              "duration": 2117,
              "state": "passed",
              "speed": "fast",
              "pass": true,
              "fail": false,
              "pending": false,
              "context": null,
              "code": "cy.get('.traversal-cite').parents().should('match', 'blockquote');",
              "err": {},
              "uuid": "9fe8f99d-e9f6-4dac-9eb9-8e962bbb4b43",
              "parentUUID": "b1274eb6-998a-4e58-8ebe-63cb386766de",
              "isHook": false,
              "skipped": false
            }
          ],
          "suites": [],
          "passes": [
            "9fe8f99d-e9f6-4dac-9eb9-8e962bbb4b43"
          ],
          "failures": [],
          "pending": [],
          "skipped": [],
          "duration": 2117,
          "root": false,
          "rootEmpty": false,
          "_timeout": 2000
        }
      ],
      "passes": [],
      "failures": [],
      "pending": [],
      "skipped": [],
      "duration": 0,
      "root": true,
      "rootEmpty": true,
      "_timeout": 2000
    },
    {
      "uuid": "20c455eb-cdfa-4868-9c39-71515f9f4b3e",
      "title": "",
      "fullFile": "cypress\\e2e\\webdriver-uni\\uploadfile.js",
      "file": "cypress\\e2e\\webdriver-uni\\uploadfile.js",
      "beforeHooks": [],
      "afterHooks": [],
      "tests": [],
      "suites": [
        {
          "uuid": "3c7df7b8-a6a9-4ea4-81a8-0755f99d7243",
          "title": "Handling file upload",
          "fullFile": "",
          "file": "",
          "beforeHooks": [],
          "afterHooks": [],
          "tests": [
            {
              "title": "File upload",
              "fullTitle": "Handling file upload File upload",
              "timedOut": null,
              "duration": 3223,
              "state": "passed",
              "speed": "fast",
              "pass": true,
              "fail": false,
              "pending": false,
              "context": null,
              "code": "cy.visit(\"http://webdriveruniversity.com/\");\ncy.get(\"#file-upload\").invoke(\"removeAttr\", \"target\").click({\n  force: true\n});\ncy.get('#myFile').selectFile(\"cypress/fixtures/nature.jpg\");\ncy.get('#submit-button').click();",
              "err": {},
              "uuid": "a3405462-d52b-4d3b-ab15-d8d504343e78",
              "parentUUID": "3c7df7b8-a6a9-4ea4-81a8-0755f99d7243",
              "isHook": false,
              "skipped": false
            },
            {
              "title": "No file upload",
              "fullTitle": "Handling file upload No file upload",
              "timedOut": null,
              "duration": 1215,
              "state": "passed",
              "speed": "fast",
              "pass": true,
              "fail": false,
              "pending": false,
              "context": null,
              "code": "cy.visit(\"http://webdriveruniversity.com/\");\ncy.get(\"#file-upload\").invoke(\"removeAttr\", \"target\").click({\n  force: true\n});\ncy.get('#submit-button').click();",
              "err": {},
              "uuid": "de273d53-17d1-4b4f-ac45-5cc0581719f3",
              "parentUUID": "3c7df7b8-a6a9-4ea4-81a8-0755f99d7243",
              "isHook": false,
              "skipped": false
            }
          ],
          "suites": [],
          "passes": [
            "a3405462-d52b-4d3b-ab15-d8d504343e78",
            "de273d53-17d1-4b4f-ac45-5cc0581719f3"
          ],
          "failures": [],
          "pending": [],
          "skipped": [],
          "duration": 4438,
          "root": false,
          "rootEmpty": false,
          "_timeout": 2000
        }
      ],
      "passes": [],
      "failures": [],
      "pending": [],
      "skipped": [],
      "duration": 0,
      "root": true,
      "rootEmpty": true,
      "_timeout": 2000
    },
    {
      "uuid": "77682b31-0b2c-47a7-8de7-698786912d4c",
      "title": "",
      "fullFile": "cypress\\e2e\\automation-test-store\\alias-invoke.js",
      "file": "cypress\\e2e\\automation-test-store\\alias-invoke.js",
      "beforeHooks": [],
      "afterHooks": [],
      "tests": [],
      "suites": [
        {
          "uuid": "4854f8fd-14e1-492d-8621-fa757375e2bc",
          "title": "Alias and invoke",
          "fullFile": "",
          "file": "",
          "beforeHooks": [],
          "afterHooks": [],
          "tests": [
            {
              "title": "Validate the productcount and title for cart",
              "fullTitle": "Alias and invoke Validate the productcount and title for cart",
              "timedOut": null,
              "duration": 3466,
              "state": "passed",
              "speed": "fast",
              "pass": true,
              "fail": false,
              "pending": false,
              "context": null,
              "code": "cy.visit(\"https://automationteststore.com/\");\ncy.get('.thumbnail').find('.oneprice').invoke('text').as('itemPrice');\ncy.get('@itemPrice').then($itemPriceText => {\n  var itemPrice = $itemPriceText.split('$');\n  var NonSaleItemPrice = 0;\n  var i;\n  for (i = 0; i < itemPrice.length; i++) {\n    cy.log(itemPrice[i]);\n    NonSaleItemPrice += Number(itemPrice[i]);\n  }\n  cy.log(\"Non sale item price :\", +NonSaleItemPrice);\n});",
              "err": {},
              "uuid": "cfe027ca-9361-4390-92d1-9ddb819eb3d7",
              "parentUUID": "4854f8fd-14e1-492d-8621-fa757375e2bc",
              "isHook": false,
              "skipped": false
            }
          ],
          "suites": [],
          "passes": [
            "cfe027ca-9361-4390-92d1-9ddb819eb3d7"
          ],
          "failures": [],
          "pending": [],
          "skipped": [],
          "duration": 3466,
          "root": false,
          "rootEmpty": false,
          "_timeout": 2000
        }
      ],
      "passes": [],
      "failures": [],
      "pending": [],
      "skipped": [],
      "duration": 0,
      "root": true,
      "rootEmpty": true,
      "_timeout": 2000
    },
    {
      "uuid": "eff0fdbf-75a3-4e6b-b135-7ce0665b11ad",
      "title": "",
      "fullFile": "cypress\\e2e\\automation-test-store\\contact-us.js",
      "file": "cypress\\e2e\\automation-test-store\\contact-us.js",
      "beforeHooks": [],
      "afterHooks": [],
      "tests": [],
      "suites": [
        {
          "uuid": "668990b4-6517-4460-be25-8142571ca233",
          "title": "Test Contact us form via automationteststore",
          "fullFile": "",
          "file": "",
          "beforeHooks": [],
          "afterHooks": [],
          "tests": [
            {
              "title": "Should be able to submit successful submission form",
              "fullTitle": "Test Contact us form via automationteststore Should be able to submit successful submission form",
              "timedOut": null,
              "duration": 6992,
              "state": "passed",
              "speed": "medium",
              "pass": true,
              "fail": false,
              "pending": false,
              "context": null,
              "code": "cy.visit(\"https://automationteststore.com/\");\n//cy.get('.info_links_footer > :nth-child(5) > a').click()\n//cy.xpath(\"//a[contains(@href,'contact')]\").click()\ncy.get(\"a[href$='contact']\").click().then(function (contactText) {\n  console.log(\"contact us text  \" + contactText.text());\n});\ncy.get('@user').then(user => {\n  cy.get('#ContactUsFrm_first_name').type(user.first_name);\n  cy.get('#ContactUsFrm_email').type(user.email);\n});\n//$ sign is to find endwith text for css and ^ sign is for start with\ncy.get('#ContactUsFrm_enquiry').type(\"contact us form submitted\");\ncy.get('button[title=\"Submit\"]').click();\n//cy.get('.mb40 > :nth-child(3)').should('have.text','Your enquiry has been successfully sent to the store owner!')\ncy.xpath(\"//p[text()='Your enquiry has been successfully sent to the store owner!']\").should('have.text', 'Your enquiry has been successfully sent to the store owner!');",
              "err": {},
              "uuid": "6c133cf5-02d3-48be-a825-c690affbcb39",
              "parentUUID": "668990b4-6517-4460-be25-8142571ca233",
              "isHook": false,
              "skipped": false
            }
          ],
          "suites": [],
          "passes": [
            "6c133cf5-02d3-48be-a825-c690affbcb39"
          ],
          "failures": [],
          "pending": [],
          "skipped": [],
          "duration": 6992,
          "root": false,
          "rootEmpty": false,
          "_timeout": 2000
        }
      ],
      "passes": [],
      "failures": [],
      "pending": [],
      "skipped": [],
      "duration": 0,
      "root": true,
      "rootEmpty": true,
      "_timeout": 2000
    },
    {
      "uuid": "d293eb45-56f8-4dd9-b167-6bb2e9b58d17",
      "title": "",
      "fullFile": "cypress\\e2e\\automation-test-store\\custom-commands.js",
      "file": "cypress\\e2e\\automation-test-store\\custom-commands.js",
      "beforeHooks": [],
      "afterHooks": [],
      "tests": [],
      "suites": [
        {
          "uuid": "60ef1337-2cd4-4408-bc8b-7e9eccf68705",
          "title": "Add Multiple items",
          "fullFile": "",
          "file": "",
          "beforeHooks": [],
          "afterHooks": [],
          "tests": [
            {
              "title": "Adding multiple items to basket via custom commands",
              "fullTitle": "Add Multiple items Adding multiple items to basket via custom commands",
              "timedOut": null,
              "duration": 7616,
              "state": "passed",
              "speed": "medium",
              "pass": true,
              "fail": false,
              "pending": false,
              "context": null,
              "code": "globalThis.data.productName.forEach(function (element) {\n  cy.addItemToCart(element);\n});",
              "err": {},
              "uuid": "18699f14-9a1b-4d95-991b-a8fe8abe2b6a",
              "parentUUID": "60ef1337-2cd4-4408-bc8b-7e9eccf68705",
              "isHook": false,
              "skipped": false
            }
          ],
          "suites": [],
          "passes": [
            "18699f14-9a1b-4d95-991b-a8fe8abe2b6a"
          ],
          "failures": [],
          "pending": [],
          "skipped": [],
          "duration": 7616,
          "root": false,
          "rootEmpty": false,
          "_timeout": 2000
        }
      ],
      "passes": [],
      "failures": [],
      "pending": [],
      "skipped": [],
      "duration": 0,
      "root": true,
      "rootEmpty": true,
      "_timeout": 2000
    },
    {
      "uuid": "dd391f61-4e33-4ab4-80a6-98ca1008d856",
      "title": "",
      "fullFile": "cypress\\e2e\\automation-test-store\\cypress-origin.js",
      "file": "cypress\\e2e\\automation-test-store\\cypress-origin.js",
      "beforeHooks": [],
      "afterHooks": [],
      "tests": [],
      "suites": [
        {
          "uuid": "120a3165-92ea-4d9f-b9ca-3ec50572b071",
          "title": "Handling cypress limitations",
          "fullFile": "",
          "file": "",
          "beforeHooks": [],
          "afterHooks": [],
          "tests": [
            {
              "title": "Validate two different domains",
              "fullTitle": "Handling cypress limitations Validate two different domains",
              "timedOut": null,
              "duration": 30625,
              "state": "failed",
              "speed": null,
              "pass": false,
              "fail": true,
              "pending": false,
              "context": null,
              "code": "cy.visit(\"https://www.webdriveruniversity.com\");\ncy.visit(\"https://visionrcl.org.uk/?\");\ncy.origin(\"https://visionrcl.org.uk/\", () => {\n  cy.get(\"button[aria-label='Reject All']\").click({\n    multiple: true\n  });\n});",
              "err": {
                "message": "CypressError: Timed out retrying after 10100ms: `cy.click()` failed because this element is not visible:\n\n`<button class=\"cky-btn cky-btn-reject\" aria-label=\"Reject All\" data-cky-tag=\"detail-reject-button\" style=\"color: #c30a69; border-color: #c30a69; background-color: transparent;\" value=\"\">Reject All</button>`\n\nThis element `<button.cky-btn.cky-btn-reject>` is not visible because its parent `<div.cky-prefrence-btn-wrapper>` has CSS property: `visibility: hidden`\n\nFix this problem, or use `{force: true}` to disable error checking.\n\nhttps://on.cypress.io/element-cannot-be-interacted-with",
                "estack": "CypressError: Timed out retrying after 10100ms: `cy.click()` failed because this element is not visible:\n\n`<button class=\"cky-btn cky-btn-reject\" aria-label=\"Reject All\" data-cky-tag=\"detail-reject-button\" style=\"color: #c30a69; border-color: #c30a69; background-color: transparent;\" value=\"\">Reject All</button>`\n\nThis element `<button.cky-btn.cky-btn-reject>` is not visible because its parent `<div.cky-prefrence-btn-wrapper>` has CSS property: `visibility: hidden`\n\nFix this problem, or use `{force: true}` to disable error checking.\n\nhttps://on.cypress.io/element-cannot-be-interacted-with\n    at Context.eval (webpack://cypress-automation-framework/./cypress/e2e/automation-test-store/cypress-origin.js:6:9)\nFrom Your Spec Code:\n    at Context.eval (webpack://cypress-automation-framework/./cypress/e2e/automation-test-store/cypress-origin.js:6:9)",
                "diff": null
              },
              "uuid": "31a8c402-334d-4191-b8a2-a196a243eeab",
              "parentUUID": "120a3165-92ea-4d9f-b9ca-3ec50572b071",
              "isHook": false,
              "skipped": false
            }
          ],
          "suites": [],
          "passes": [],
          "failures": [
            "31a8c402-334d-4191-b8a2-a196a243eeab"
          ],
          "pending": [],
          "skipped": [],
          "duration": 30625,
          "root": false,
          "rootEmpty": false,
          "_timeout": 2000
        }
      ],
      "passes": [],
      "failures": [],
      "pending": [],
      "skipped": [],
      "duration": 0,
      "root": true,
      "rootEmpty": true,
      "_timeout": 2000
    },
    {
      "uuid": "95e9c774-14e4-4b59-ab77-7a7c1589320c",
      "title": "",
      "fullFile": "cypress\\e2e\\automation-test-store\\inspect-item.js",
      "file": "cypress\\e2e\\automation-test-store\\inspect-item.js",
      "beforeHooks": [],
      "afterHooks": [],
      "tests": [],
      "suites": [
        {
          "uuid": "22de021c-d0ba-48ae-918c-7788041fcab7",
          "title": "Inspect the product in automation teststore",
          "fullFile": "",
          "file": "",
          "beforeHooks": [],
          "afterHooks": [],
          "tests": [
            {
              "title": "Click on the first item using text",
              "fullTitle": "Inspect the product in automation teststore Click on the first item using text",
              "timedOut": null,
              "duration": 3704,
              "state": "passed",
              "speed": "fast",
              "pass": true,
              "fail": false,
              "pending": false,
              "context": null,
              "code": "cy.visit(\"https://automationteststore.com/\");\ncy.get('a[class=\"prdocutname\"]').contains('Skinsheen Bronzer Stick').click();",
              "err": {},
              "uuid": "18283699-de32-44be-b146-541de7c7d031",
              "parentUUID": "22de021c-d0ba-48ae-918c-7788041fcab7",
              "isHook": false,
              "skipped": false
            },
            {
              "title": "Click on the first item using index",
              "fullTitle": "Inspect the product in automation teststore Click on the first item using index",
              "timedOut": null,
              "duration": 1780,
              "state": "passed",
              "speed": "fast",
              "pass": true,
              "fail": false,
              "pending": false,
              "context": null,
              "code": "cy.visit(\"https://automationteststore.com/\");\ncy.get('.fixed_wrapper').find('.prdocutname').eq(0).click();",
              "err": {},
              "uuid": "e0a09185-5be1-4afc-8a60-a24ae229f45f",
              "parentUUID": "22de021c-d0ba-48ae-918c-7788041fcab7",
              "isHook": false,
              "skipped": false
            }
          ],
          "suites": [],
          "passes": [
            "18283699-de32-44be-b146-541de7c7d031",
            "e0a09185-5be1-4afc-8a60-a24ae229f45f"
          ],
          "failures": [],
          "pending": [],
          "skipped": [],
          "duration": 5484,
          "root": false,
          "rootEmpty": false,
          "_timeout": 2000
        }
      ],
      "passes": [],
      "failures": [],
      "pending": [],
      "skipped": [],
      "duration": 0,
      "root": true,
      "rootEmpty": true,
      "_timeout": 2000
    },
    {
      "uuid": "b7bc73a0-8be5-43d0-8b8b-bd9631661493",
      "title": "",
      "fullFile": "cypress\\e2e\\automation-test-store\\iterate-to-element.js",
      "file": "cypress\\e2e\\automation-test-store\\iterate-to-element.js",
      "beforeHooks": [],
      "afterHooks": [],
      "tests": [],
      "suites": [
        {
          "uuid": "91dcf935-2df0-4b88-a87f-ed3ae8d3c5f1",
          "title": "Iterate through element",
          "fullFile": "",
          "file": "",
          "beforeHooks": [],
          "afterHooks": [],
          "tests": [
            {
              "title": "Print the name of the makeup items",
              "fullTitle": "Iterate through element Print the name of the makeup items",
              "timedOut": null,
              "duration": 3215,
              "state": "passed",
              "speed": "fast",
              "pass": true,
              "fail": false,
              "pending": false,
              "context": null,
              "code": "cy.get('.contentpanel > ul > li > div > a').each(($e1, index, $list) => {\n  cy.log($e1.text());\n});",
              "err": {},
              "uuid": "ec77b72b-3f3c-4ef8-b1a0-7258342a92f8",
              "parentUUID": "91dcf935-2df0-4b88-a87f-ed3ae8d3c5f1",
              "isHook": false,
              "skipped": false
            },
            {
              "title": "Click on the specific product from list",
              "fullTitle": "Iterate through element Click on the specific product from list",
              "timedOut": null,
              "duration": 2141,
              "state": "passed",
              "speed": "fast",
              "pass": true,
              "fail": false,
              "pending": false,
              "context": null,
              "code": "// cy.get('.contentpanel > ul > li > div > a').each(($e1, index, $list) => {\n//     if ($e1.text() === \"Lips\") {\n//         cy.wrap($e1).click()\n//     }\n// })\ncy.selectProduct('Lips');",
              "err": {},
              "uuid": "f9ecf8e4-cca3-4e9a-a534-8b748fe2ee9e",
              "parentUUID": "91dcf935-2df0-4b88-a87f-ed3ae8d3c5f1",
              "isHook": false,
              "skipped": false
            },
            {
              "title": "Click on the another specific product from list",
              "fullTitle": "Iterate through element Click on the another specific product from list",
              "timedOut": null,
              "duration": 2877,
              "state": "passed",
              "speed": "fast",
              "pass": true,
              "fail": false,
              "pending": false,
              "context": null,
              "code": "cy.selectProduct('Eyes');",
              "err": {},
              "uuid": "2f75da10-2234-415a-b918-453c0b2741ee",
              "parentUUID": "91dcf935-2df0-4b88-a87f-ed3ae8d3c5f1",
              "isHook": false,
              "skipped": false
            }
          ],
          "suites": [],
          "passes": [
            "ec77b72b-3f3c-4ef8-b1a0-7258342a92f8",
            "f9ecf8e4-cca3-4e9a-a534-8b748fe2ee9e",
            "2f75da10-2234-415a-b918-453c0b2741ee"
          ],
          "failures": [],
          "pending": [],
          "skipped": [],
          "duration": 8233,
          "root": false,
          "rootEmpty": false,
          "_timeout": 2000
        }
      ],
      "passes": [],
      "failures": [],
      "pending": [],
      "skipped": [],
      "duration": 0,
      "root": true,
      "rootEmpty": true,
      "_timeout": 2000
    },
    {
      "uuid": "353ec28c-19ef-43bd-a979-2ceafe5d4eb0",
      "title": "",
      "fullFile": "cypress\\e2e\\automation-test-store\\variables.js",
      "file": "cypress\\e2e\\automation-test-store\\variables.js",
      "beforeHooks": [],
      "afterHooks": [],
      "tests": [],
      "suites": [
        {
          "uuid": "d444a8a7-00a1-436c-b9a1-f2063dfbf505",
          "title": "Variables,promises and nested closures",
          "fullFile": "",
          "file": "",
          "beforeHooks": [],
          "afterHooks": [],
          "tests": [
            {
              "title": "Validate the properties in contact us page",
              "fullTitle": "Variables,promises and nested closures Validate the properties in contact us page",
              "timedOut": null,
              "duration": 2445,
              "state": "passed",
              "speed": "fast",
              "pass": true,
              "fail": false,
              "pending": false,
              "context": null,
              "code": "cy.visit(\"https://automationteststore.com/index.php?rt=content/contact\");\n//cypress chaining of commands\ncy.contains(\"#ContactUsFrm\", 'Contact Us Form').find('#field_11').should('contain', 'First name:');\n//jquery approch\ncy.contains(\"#ContactUsFrm\", 'Contact Us Form').then(text => {\n  const firstNameText = text.find('#field_11').text();\n  expect(firstNameText).to.contain('First name:');\n});\n//embedded closure\ncy.get('#field_11').then(firstName => {\n  cy.log(firstName.text());\n});",
              "err": {},
              "uuid": "0ee804f0-343e-465d-b763-47f488ccc174",
              "parentUUID": "d444a8a7-00a1-436c-b9a1-f2063dfbf505",
              "isHook": false,
              "skipped": false
            }
          ],
          "suites": [],
          "passes": [
            "0ee804f0-343e-465d-b763-47f488ccc174"
          ],
          "failures": [],
          "pending": [],
          "skipped": [],
          "duration": 2445,
          "root": false,
          "rootEmpty": false,
          "_timeout": 2000
        }
      ],
      "passes": [],
      "failures": [],
      "pending": [],
      "skipped": [],
      "duration": 0,
      "root": true,
      "rootEmpty": true,
      "_timeout": 2000
    },
    {
      "uuid": "b02f0c3b-2a88-42ff-826e-d2db3f69176b",
      "title": "",
      "fullFile": "cypress\\e2e\\webdriver-uni\\autosuggestive-dropdown.js",
      "file": "cypress\\e2e\\webdriver-uni\\autosuggestive-dropdown.js",
      "beforeHooks": [],
      "afterHooks": [],
      "tests": [],
      "suites": [
        {
          "uuid": "0ad1c0ba-d465-4b8c-aced-f9cfb7bbfd91",
          "title": "Validate autosuggestive dropdown",
          "fullFile": "",
          "file": "",
          "beforeHooks": [],
          "afterHooks": [],
          "tests": [
            {
              "title": "select the autosuggestive dropdown",
              "fullTitle": "Validate autosuggestive dropdown select the autosuggestive dropdown",
              "timedOut": null,
              "duration": 5060,
              "state": "passed",
              "speed": "medium",
              "pass": true,
              "fail": false,
              "pending": false,
              "context": null,
              "code": "cy.visit(\"https://www.webdriveruniversity.com\");\ncy.get('#autocomplete-textfield').invoke('removeAttr', 'target').click(); //handling multiple tabs\ncy.get('#myInput').type('A');\ncy.get('#myInputautocomplete-list div').each(($e1, index, $list) => {\n  if ($e1.text().includes('vacado')) {\n    cy.wrap($e1).click();\n    cy.get('#submit-button').click();\n    cy.url().should('include', 'Avacado');\n  }\n}).then(() => {\n  cy.get('#myInput').type('g');\n  cy.get('#myInputautocomplete-list div').each(($e1, index, $list) => {\n    if ($e1.text().includes('rapes')) {\n      cy.wrap($e1).click();\n      cy.get('#submit-button').click();\n      cy.url().should('include', 'Grapes');\n    }\n  });\n});",
              "err": {},
              "uuid": "7b99a201-fb1c-4f60-8167-675f4ad8148c",
              "parentUUID": "0ad1c0ba-d465-4b8c-aced-f9cfb7bbfd91",
              "isHook": false,
              "skipped": false
            }
          ],
          "suites": [],
          "passes": [
            "7b99a201-fb1c-4f60-8167-675f4ad8148c"
          ],
          "failures": [],
          "pending": [],
          "skipped": [],
          "duration": 5060,
          "root": false,
          "rootEmpty": false,
          "_timeout": 2000
        }
      ],
      "passes": [],
      "failures": [],
      "pending": [],
      "skipped": [],
      "duration": 0,
      "root": true,
      "rootEmpty": true,
      "_timeout": 2000
    }
  ],
  "meta": {
    "mocha": {
      "version": "7.0.1"
    },
    "mochawesome": {
      "options": {
        "quiet": false,
        "reportFilename": "mochawesome",
        "saveHtml": false,
        "saveJson": true,
        "consoleReporter": "spec",
        "useInlineDiffs": false,
        "code": true
      },
      "version": "7.1.3"
    },
    "marge": {
      "options": {
        "id": "default",
        "reportDir": "cypress/results/mochawesome",
        "quite": true,
        "overwrite": false,
        "html": false,
        "json": true
      },
      "version": "6.2.0"
    }
  }
}